Using pre-set license
Built from '2020.3/staging' branch; Version is '2020.3.32f1 (12f8b0834f07) revision 1243312'; Using compiler version '192528614'; Build Type 'Release'
OS: 'Windows 10  (10.0.19044) 64bit Core' Language: 'ja' Physical Memory: 16208 MB
BatchMode: 1, IsHumanControllingUs: 0, StartBugReporterOnCrash: 0, Is64bit: 1, IsPro: 0

COMMAND LINE ARGUMENTS:
C:\Program Files\Unity\Hub\Editor\2020.3.32f1\Editor\Unity.exe
-adb2
-batchMode
-noUpm
-name
AssetImportWorker0
-projectPath
C:/Users/Yubunen/YubPack/YubPackDevelopment
-logFile
Logs/AssetImportWorker0.log
-srvPort
64457
Successfully changed project path to: C:/Users/Yubunen/YubPack/YubPackDevelopment
C:/Users/Yubunen/YubPack/YubPackDevelopment
Using Asset Import Pipeline V2.
Refreshing native plugins compatible for Editor in 19.49 ms, found 2 plugins.
Preloading 0 native plugins for Editor in 0.00 ms.
Initialize engine version: 2020.3.32f1 (12f8b0834f07)
[Subsystems] Discovering subsystems at path C:/Program Files/Unity/Hub/Editor/2020.3.32f1/Editor/Data/Resources/UnitySubsystems
[Subsystems] Discovering subsystems at path C:/Users/Yubunen/YubPack/YubPackDevelopment/Assets
GfxDevice: creating device client; threaded=0
Direct3D:
    Version:  Direct3D 11.0 [level 11.1]
    Renderer: NVIDIA GeForce RTX 3080 Ti (ID=0x2208)
    Vendor:   
    VRAM:     12108 MB
    Driver:   30.0.15.1215
Initialize mono
Mono path[0] = 'C:/Program Files/Unity/Hub/Editor/2020.3.32f1/Editor/Data/Managed'
Mono path[1] = 'C:/Program Files/Unity/Hub/Editor/2020.3.32f1/Editor/Data/MonoBleedingEdge/lib/mono/unityjit'
Mono config path = 'C:/Program Files/Unity/Hub/Editor/2020.3.32f1/Editor/Data/MonoBleedingEdge/etc'
Using monoOptions --debugger-agent=transport=dt_socket,embedding=1,server=y,suspend=n,address=127.0.0.1:56488
Begin MonoManager ReloadAssembly
Registering precompiled unity dll's ...
Register platform support module: C:/Program Files/Unity/Hub/Editor/2020.3.32f1/Editor/Data/PlaybackEngines/WindowsStandaloneSupport/UnityEditor.WindowsStandalone.Extensions.dll
Registered in 0.001303 seconds.
Native extension for WindowsStandalone target not found
Refreshing native plugins compatible for Editor in 20.16 ms, found 2 plugins.
Preloading 0 native plugins for Editor in 0.00 ms.
Mono: successfully reloaded assembly
- Completed reload, in  0.388 seconds
Domain Reload Profiling:
	ReloadAssembly (388ms)
		BeginReloadAssembly (44ms)
			ExecutionOrderSort (0ms)
			DisableScriptedObjects (0ms)
			BackupInstance (0ms)
			ReleaseScriptingObjects (0ms)
			CreateAndSetChildDomain (1ms)
		EndReloadAssembly (295ms)
			LoadAssemblies (42ms)
			RebuildTransferFunctionScriptingTraits (0ms)
			SetupTypeCache (100ms)
			ReleaseScriptCaches (0ms)
			RebuildScriptCaches (20ms)
			SetupLoadedEditorAssemblies (105ms)
				LogAssemblyErrors (0ms)
				InitializePlatformSupportModulesInManaged (3ms)
				SetLoadedEditorAssemblies (0ms)
				RefreshPlugins (20ms)
				BeforeProcessingInitializeOnLoad (10ms)
				ProcessInitializeOnLoadAttributes (54ms)
				ProcessInitializeOnLoadMethodAttributes (18ms)
				AfterProcessingInitializeOnLoad (0ms)
				EditorAssembliesLoaded (0ms)
			ExecutionOrderSort2 (0ms)
			AwakeInstancesAfterBackupRestoration (0ms)
Platform modules already initialized, skipping
Registering precompiled user dll's ...
Registered in 0.001838 seconds.
Begin MonoManager ReloadAssembly
Native extension for WindowsStandalone target not found
Refreshing native plugins compatible for Editor in 0.26 ms, found 2 plugins.
Preloading 0 native plugins for Editor in 0.00 ms.
Mono: successfully reloaded assembly
- Completed reload, in  0.648 seconds
Domain Reload Profiling:
	ReloadAssembly (649ms)
		BeginReloadAssembly (96ms)
			ExecutionOrderSort (0ms)
			DisableScriptedObjects (3ms)
			BackupInstance (0ms)
			ReleaseScriptingObjects (0ms)
			CreateAndSetChildDomain (13ms)
		EndReloadAssembly (514ms)
			LoadAssemblies (60ms)
			RebuildTransferFunctionScriptingTraits (0ms)
			SetupTypeCache (161ms)
			ReleaseScriptCaches (0ms)
			RebuildScriptCaches (27ms)
			SetupLoadedEditorAssemblies (212ms)
				LogAssemblyErrors (0ms)
				InitializePlatformSupportModulesInManaged (3ms)
				SetLoadedEditorAssemblies (0ms)
				RefreshPlugins (0ms)
				BeforeProcessingInitializeOnLoad (57ms)
				ProcessInitializeOnLoadAttributes (140ms)
				ProcessInitializeOnLoadMethodAttributes (7ms)
				AfterProcessingInitializeOnLoad (4ms)
				EditorAssembliesLoaded (0ms)
			ExecutionOrderSort2 (0ms)
			AwakeInstancesAfterBackupRestoration (4ms)
Platform modules already initialized, skipping
========================================================================
Worker process is ready to serve import requests
Launched and connected shader compiler UnityShaderCompiler.exe after 0.04 seconds
Refreshing native plugins compatible for Editor in 0.22 ms, found 2 plugins.
Preloading 0 native plugins for Editor in 0.00 ms.
Unloading 1506 Unused Serialized files (Serialized files now loaded: 0)
System memory in use before: 71.2 MB.
System memory in use after: 71.3 MB.

Unloading 16 unused Assets to reduce memory usage. Loaded Objects now: 1942.
Total: 1.658200 ms (FindLiveObjects: 0.080300 ms CreateObjectMapping: 0.025900 ms MarkObjects: 1.509100 ms  DeleteObjects: 0.042100 ms)

AssetImportParameters requested are different than current active one (requested -> active):
  custom:framework-win-MediaFoundation: 216162199b28c13a410421893ffa2e32 -> 
  custom:video-decoder-ogg-theora: a1e56fd34408186e4bbccfd4996cb3dc -> 
  custom:container-muxer-webm: aa71ff27fc2769a1b78a27578f13a17b -> 
  custom:container-demuxer-webm: 4f35f7cbe854078d1ac9338744f61a02 -> 
  custom:container-demuxer-ogg: 62fdf1f143b41e24485cea50d1cbac27 -> 
  custom:video-encoder-webm-vp8: eb34c28f22e8b96e1ab97ce403110664 -> 
  custom:video-decoder-webm-vp8: 9c59270c3fd7afecdb556c50c9e8de78 -> 
  custom:audio-decoder-ogg-vorbis: bf7c407c2cedff20999df2af8eb42d56 -> 
  custom:audio-encoder-webm-vorbis: bf7c407c2cedff20999df2af8eb42d56 -> 
========================================================================
Received Import Request.
  path: Packages/com.yubunen.yubpack/package.json
  artifactKey: Guid(112df2b54f4cdf8459c70a510a63bf73) Importer(815301076,1909f56bfc062723c751e8b465ee728b)
Start importing Packages/com.yubunen.yubpack/package.json using Guid(112df2b54f4cdf8459c70a510a63bf73) Importer(815301076,1909f56bfc062723c751e8b465ee728b)  -> (artifact id: 'f30ebca38b9ccb1e297c494a6ee40084') in 0.032133 seconds 
========================================================================
Received Import Request.
  Time since last request: 0.000158 seconds.
  path: Packages/com.yubunen.yubpack
  artifactKey: Guid(b7cc9faea1e5f1165bd8b1dcdb707913) Importer(815301076,1909f56bfc062723c751e8b465ee728b)
Start importing Packages/com.yubunen.yubpack using Guid(b7cc9faea1e5f1165bd8b1dcdb707913) Importer(815301076,1909f56bfc062723c751e8b465ee728b)  -> (artifact id: '222d1f8ed8f8f598f9311e20fe6c1f4d') in 0.004326 seconds 
========================================================================
Received Import Request.
  Time since last request: 46.335427 seconds.
  path: Packages/com.yubunen.yubpack/package.json
  artifactKey: Guid(112df2b54f4cdf8459c70a510a63bf73) Importer(815301076,1909f56bfc062723c751e8b465ee728b)
Start importing Packages/com.yubunen.yubpack/package.json using Guid(112df2b54f4cdf8459c70a510a63bf73) Importer(815301076,1909f56bfc062723c751e8b465ee728b)  -> (artifact id: 'fd1188ee6e01a595603c5ca591d4de13') in 0.002859 seconds 
========================================================================
Received Prepare
Registering precompiled user dll's ...
Registered in 0.001763 seconds.
Begin MonoManager ReloadAssembly
Native extension for WindowsStandalone target not found
Refreshing native plugins compatible for Editor in 0.23 ms, found 2 plugins.
Preloading 0 native plugins for Editor in 0.00 ms.
Mono: successfully reloaded assembly
- Completed reload, in  0.585 seconds
Domain Reload Profiling:
	ReloadAssembly (585ms)
		BeginReloadAssembly (80ms)
			ExecutionOrderSort (0ms)
			DisableScriptedObjects (3ms)
			BackupInstance (0ms)
			ReleaseScriptingObjects (0ms)
			CreateAndSetChildDomain (22ms)
		EndReloadAssembly (466ms)
			LoadAssemblies (61ms)
			RebuildTransferFunctionScriptingTraits (0ms)
			SetupTypeCache (154ms)
			ReleaseScriptCaches (1ms)
			RebuildScriptCaches (23ms)
			SetupLoadedEditorAssemblies (178ms)
				LogAssemblyErrors (0ms)
				InitializePlatformSupportModulesInManaged (3ms)
				SetLoadedEditorAssemblies (0ms)
				RefreshPlugins (0ms)
				BeforeProcessingInitializeOnLoad (48ms)
				ProcessInitializeOnLoadAttributes (117ms)
				ProcessInitializeOnLoadMethodAttributes (5ms)
				AfterProcessingInitializeOnLoad (4ms)
				EditorAssembliesLoaded (0ms)
			ExecutionOrderSort2 (0ms)
			AwakeInstancesAfterBackupRestoration (4ms)
Platform modules already initialized, skipping
Refreshing native plugins compatible for Editor in 0.25 ms, found 2 plugins.
Preloading 0 native plugins for Editor in 0.00 ms.
Unloading 1502 Unused Serialized files (Serialized files now loaded: 0)
System memory in use before: 71.1 MB.
System memory in use after: 71.2 MB.

Unloading 11 unused Assets to reduce memory usage. Loaded Objects now: 1947.
Total: 1.619200 ms (FindLiveObjects: 0.081800 ms CreateObjectMapping: 0.025000 ms MarkObjects: 1.494600 ms  DeleteObjects: 0.017200 ms)

AssetImportParameters requested are different than current active one (requested -> active):
  custom:framework-win-MediaFoundation: 216162199b28c13a410421893ffa2e32 -> 
  custom:video-decoder-ogg-theora: a1e56fd34408186e4bbccfd4996cb3dc -> 
  custom:container-muxer-webm: aa71ff27fc2769a1b78a27578f13a17b -> 
  custom:container-demuxer-webm: 4f35f7cbe854078d1ac9338744f61a02 -> 
  custom:container-demuxer-ogg: 62fdf1f143b41e24485cea50d1cbac27 -> 
  custom:video-encoder-webm-vp8: eb34c28f22e8b96e1ab97ce403110664 -> 
  custom:video-decoder-webm-vp8: 9c59270c3fd7afecdb556c50c9e8de78 -> 
  custom:audio-decoder-ogg-vorbis: bf7c407c2cedff20999df2af8eb42d56 -> 
  custom:audio-encoder-webm-vorbis: bf7c407c2cedff20999df2af8eb42d56 -> 
========================================================================
Received Import Request.
  Time since last request: 548.612770 seconds.
  path: Packages/com.yubunen.yubpack/Editor
  artifactKey: Guid(0c3efd09e2f59a14089513acc1522274) Importer(815301076,1909f56bfc062723c751e8b465ee728b)
Start importing Packages/com.yubunen.yubpack/Editor using Guid(0c3efd09e2f59a14089513acc1522274) Importer(815301076,1909f56bfc062723c751e8b465ee728b)  -> (artifact id: 'cc39eed18d59511b4b6dc0d93459765b') in 0.006290 seconds 
========================================================================
Received Import Request.
  Time since last request: 0.027774 seconds.
  path: Packages/com.yubunen.yubpack/Editor/YubPack.Editor.asmdef
  artifactKey: Guid(4f6dc65f921c25f448f5f69a3c3fdf54) Importer(815301076,1909f56bfc062723c751e8b465ee728b)
Start importing Packages/com.yubunen.yubpack/Editor/YubPack.Editor.asmdef using Guid(4f6dc65f921c25f448f5f69a3c3fdf54) Importer(815301076,1909f56bfc062723c751e8b465ee728b)  -> (artifact id: '64b40ceb027c05ecc96a2c944c97a071') in 0.007195 seconds 
========================================================================
Received Import Request.
  Time since last request: 16.587500 seconds.
  path: Packages/com.yubunen.yubpack/Runtimne
  artifactKey: Guid(d1aa9d48801dd6a4b91b5de844781f00) Importer(815301076,1909f56bfc062723c751e8b465ee728b)
Start importing Packages/com.yubunen.yubpack/Runtimne using Guid(d1aa9d48801dd6a4b91b5de844781f00) Importer(815301076,1909f56bfc062723c751e8b465ee728b)  -> (artifact id: '8eb3360f7fa327f6b0f1132dcbea7be6') in 0.005416 seconds 
========================================================================
Received Import Request.
  Time since last request: 0.314854 seconds.
  path: Packages/com.yubunen.yubpack/Runtimne/YubPack.Runtime.asmdef
  artifactKey: Guid(a1db1b90172be5a468e0f00086248939) Importer(815301076,1909f56bfc062723c751e8b465ee728b)
Start importing Packages/com.yubunen.yubpack/Runtimne/YubPack.Runtime.asmdef using Guid(a1db1b90172be5a468e0f00086248939) Importer(815301076,1909f56bfc062723c751e8b465ee728b)  -> (artifact id: 'a0492f82843ca91dc6eab2ad12463fb0') in 0.004638 seconds 
AssetImportWorkerClient::OnTransportError - code=2 error=End of file
